# JRE version: OpenJDK Runtime Environment Temurin-21.0.9+10 (21.0.9+10) (build 21.0.9+10-LTS)
# Java VM: OpenJDK 64-Bit Server VM Temurin-21.0.9+10 (21.0.9+10-LTS, mixed mode, sharing, tiered, compressed oops, compressed class ptrs, parallel gc, windows-amd64)
GC Precious Log:
 CardTable entry size: 512
 CPUs: 12 total, 12 available
 Memory: 16016M
 Large Page Support: Disabled
 NUMA Support: Disabled
 Compressed Oops: Enabled (32-bit)
 Alignments: Space 512K, Generation 512K, Heap 2M
 Heap Min Capacity: 100M
 Heap Initial Capacity: 100M
 Heap Max Capacity: 2G
 Pre-touch: Disabled
 Parallel Workers: 10
Heap:
 PSYoungGen      total 19968K, used 5598K [0x00000000d5580000, 0x00000000d6b80000, 0x0000000100000000)
  eden space 19456K, 26% used [0x00000000d5580000,0x00000000d5a9f960,0x00000000d6880000)
  from space 512K, 68% used [0x00000000d6b00000,0x00000000d6b58000,0x00000000d6b80000)
  to   space 1024K, 0% used [0x00000000d6980000,0x00000000d6980000,0x00000000d6a80000)
 ParOldGen       total 68608K, used 59842K [0x0000000080000000, 0x0000000084300000, 0x00000000d5580000)
  object space 68608K, 87% used [0x0000000080000000,0x0000000083a70b08,0x0000000084300000)
 Metaspace       used 67370K, committed 68736K, reserved 1114112K
  class space    used 7884K, committed 8448K, reserved 1048576K
GC Heap History (20 events):
Event: 20.491 GC heap before
{Heap before GC invocations=32 (full 3):
 PSYoungGen      total 23040K, used 23032K [0x00000000d5580000, 0x00000000d7300000, 0x0000000100000000)
  eden space 22016K, 100% used [0x00000000d5580000,0x00000000d6b00000,0x00000000d6b00000)
  from space 1024K, 99% used [0x00000000d7200000,0x00000000d72fe1a8,0x00000000d7300000)
  to   space 2560K, 0% used [0x00000000d6e00000,0x00000000d6e00000,0x00000000d7080000)
 ParOldGen       total 68608K, used 42133K [0x0000000080000000, 0x0000000084300000, 0x00000000d5580000)
  object space 68608K, 61% used [0x0000000080000000,0x0000000082925748,0x0000000084300000)
 Metaspace       used 61884K, committed 63424K, reserved 1114112K
  class space    used 7344K, committed 8000K, reserved 1048576K
}
Event: 20.497 GC heap after
{Heap after GC invocations=32 (full 3):
 PSYoungGen      total 24576K, used 1792K [0x00000000d5580000, 0x00000000d7280000, 0x0000000100000000)
  eden space 22016K, 0% used [0x00000000d5580000,0x00000000d5580000,0x00000000d6b00000)
  from space 2560K, 70% used [0x00000000d6e00000,0x00000000d6fc0030,0x00000000d7080000)
  to   space 2048K, 0% used [0x00000000d7080000,0x00000000d7080000,0x00000000d7280000)
 ParOldGen       total 68608K, used 43071K [0x0000000080000000, 0x0000000084300000, 0x00000000d5580000)
  object space 68608K, 62% used [0x0000000080000000,0x0000000082a0fea0,0x0000000084300000)
 Metaspace       used 61884K, committed 63424K, reserved 1114112K
  class space    used 7344K, committed 8000K, reserved 1048576K
}
Event: 20.673 GC heap before
{Heap before GC invocations=33 (full 3):
 PSYoungGen      total 24576K, used 23808K [0x00000000d5580000, 0x00000000d7280000, 0x0000000100000000)
  eden space 22016K, 100% used [0x00000000d5580000,0x00000000d6b00000,0x00000000d6b00000)
  from space 2560K, 70% used [0x00000000d6e00000,0x00000000d6fc0030,0x00000000d7080000)
  to   space 2048K, 0% used [0x00000000d7080000,0x00000000d7080000,0x00000000d7280000)
 ParOldGen       total 68608K, used 43071K [0x0000000080000000, 0x0000000084300000, 0x00000000d5580000)
  object space 68608K, 62% used [0x0000000080000000,0x0000000082a0fea0,0x0000000084300000)
 Metaspace       used 61886K, committed 63424K, reserved 1114112K
  class space    used 7344K, committed 8000K, reserved 1048576K
}
Event: 20.678 GC heap after
{Heap after GC invocations=33 (full 3):
 PSYoungGen      total 24064K, used 2016K [0x00000000d5580000, 0x00000000d7300000, 0x0000000100000000)
  eden space 22016K, 0% used [0x00000000d5580000,0x00000000d5580000,0x00000000d6b00000)
  from space 2048K, 98% used [0x00000000d7080000,0x00000000d7278010,0x00000000d7280000)
  to   space 4096K, 0% used [0x00000000d6b00000,0x00000000d6b00000,0x00000000d6f00000)
 ParOldGen       total 68608K, used 44669K [0x0000000080000000, 0x0000000084300000, 0x00000000d5580000)
  object space 68608K, 65% used [0x0000000080000000,0x0000000082b9f6a0,0x0000000084300000)
 Metaspace       used 61886K, committed 63424K, reserved 1114112K
  class space    used 7344K, committed 8000K, reserved 1048576K
}
Event: 20.896 GC heap before
{Heap before GC invocations=34 (full 3):
 PSYoungGen      total 24064K, used 24032K [0x00000000d5580000, 0x00000000d7300000, 0x0000000100000000)
  eden space 22016K, 100% used [0x00000000d5580000,0x00000000d6b00000,0x00000000d6b00000)
  from space 2048K, 98% used [0x00000000d7080000,0x00000000d7278010,0x00000000d7280000)
  to   space 4096K, 0% used [0x00000000d6b00000,0x00000000d6b00000,0x00000000d6f00000)
 ParOldGen       total 68608K, used 44669K [0x0000000080000000, 0x0000000084300000, 0x00000000d5580000)
  object space 68608K, 65% used [0x0000000080000000,0x0000000082b9f6a0,0x0000000084300000)
 Metaspace       used 62277K, committed 63808K, reserved 1114112K
  class space    used 7403K, committed 8064K, reserved 1048576K
}
Event: 20.903 GC heap after
{Heap after GC invocations=34 (full 3):
 PSYoungGen      total 24576K, used 2434K [0x00000000d5580000, 0x00000000d7100000, 0x0000000100000000)
  eden space 22016K, 0% used [0x00000000d5580000,0x00000000d5580000,0x00000000d6b00000)
  from space 2560K, 95% used [0x00000000d6b00000,0x00000000d6d60820,0x00000000d6d80000)
  to   space 3072K, 0% used [0x00000000d6e00000,0x00000000d6e00000,0x00000000d7100000)
 ParOldGen       total 68608K, used 46557K [0x0000000080000000, 0x0000000084300000, 0x00000000d5580000)
  object space 68608K, 67% used [0x0000000080000000,0x0000000082d776a0,0x0000000084300000)
 Metaspace       used 62277K, committed 63808K, reserved 1114112K
  class space    used 7403K, committed 8064K, reserved 1048576K
}
Event: 20.992 GC heap before
{Heap before GC invocations=35 (full 3):
 PSYoungGen      total 24576K, used 24450K [0x00000000d5580000, 0x00000000d7100000, 0x0000000100000000)
  eden space 22016K, 100% used [0x00000000d5580000,0x00000000d6b00000,0x00000000d6b00000)
  from space 2560K, 95% used [0x00000000d6b00000,0x00000000d6d60820,0x00000000d6d80000)
  to   space 3072K, 0% used [0x00000000d6e00000,0x00000000d6e00000,0x00000000d7100000)
 ParOldGen       total 68608K, used 46557K [0x0000000080000000, 0x0000000084300000, 0x00000000d5580000)
  object space 68608K, 67% used [0x0000000080000000,0x0000000082d776a0,0x0000000084300000)
 Metaspace       used 62291K, committed 63808K, reserved 1114112K
  class space    used 7403K, committed 8064K, reserved 1048576K
}
Event: 20.998 GC heap after
{Heap after GC invocations=35 (full 3):
 PSYoungGen      total 24576K, used 2112K [0x00000000d5580000, 0x00000000d7080000, 0x0000000100000000)
  eden space 22016K, 0% used [0x00000000d5580000,0x00000000d5580000,0x00000000d6b00000)
  from space 2560K, 82% used [0x00000000d6e00000,0x00000000d7010000,0x00000000d7080000)
  to   space 2560K, 0% used [0x00000000d6b00000,0x00000000d6b00000,0x00000000d6d80000)
 ParOldGen       total 68608K, used 48827K [0x0000000080000000, 0x0000000084300000, 0x00000000d5580000)
  object space 68608K, 71% used [0x0000000080000000,0x0000000082faef98,0x0000000084300000)
 Metaspace       used 62291K, committed 63808K, reserved 1114112K
  class space    used 7403K, committed 8064K, reserved 1048576K
}
Event: 21.084 GC heap before
{Heap before GC invocations=36 (full 3):
 PSYoungGen      total 24576K, used 24128K [0x00000000d5580000, 0x00000000d7080000, 0x0000000100000000)
  eden space 22016K, 100% used [0x00000000d5580000,0x00000000d6b00000,0x00000000d6b00000)
  from space 2560K, 82% used [0x00000000d6e00000,0x00000000d7010000,0x00000000d7080000)
  to   space 2560K, 0% used [0x00000000d6b00000,0x00000000d6b00000,0x00000000d6d80000)
 ParOldGen       total 68608K, used 48827K [0x0000000080000000, 0x0000000084300000, 0x00000000d5580000)
  object space 68608K, 71% used [0x0000000080000000,0x0000000082faef98,0x0000000084300000)
 Metaspace       used 62298K, committed 63808K, reserved 1114112K
  class space    used 7403K, committed 8064K, reserved 1048576K
}
Event: 21.093 GC heap after
{Heap after GC invocations=36 (full 3):
 PSYoungGen      total 24576K, used 2180K [0x00000000d5580000, 0x00000000d7000000, 0x0000000100000000)
  eden space 22016K, 0% used [0x00000000d5580000,0x00000000d5580000,0x00000000d6b00000)
  from space 2560K, 85% used [0x00000000d6b00000,0x00000000d6d21000,0x00000000d6d80000)
  to   space 2560K, 0% used [0x00000000d6d80000,0x00000000d6d80000,0x00000000d7000000)
 ParOldGen       total 68608K, used 50771K [0x0000000080000000, 0x0000000084300000, 0x00000000d5580000)
  object space 68608K, 74% used [0x0000000080000000,0x0000000083194f98,0x0000000084300000)
 Metaspace       used 62298K, committed 63808K, reserved 1114112K
  class space    used 7403K, committed 8064K, reserved 1048576K
}
Event: 21.247 GC heap before
{Heap before GC invocations=37 (full 3):
 PSYoungGen      total 24576K, used 24196K [0x00000000d5580000, 0x00000000d7000000, 0x0000000100000000)
  eden space 22016K, 100% used [0x00000000d5580000,0x00000000d6b00000,0x00000000d6b00000)
  from space 2560K, 85% used [0x00000000d6b00000,0x00000000d6d21000,0x00000000d6d80000)
  to   space 2560K, 0% used [0x00000000d6d80000,0x00000000d6d80000,0x00000000d7000000)
 ParOldGen       total 68608K, used 50771K [0x0000000080000000, 0x0000000084300000, 0x00000000d5580000)
  object space 68608K, 74% used [0x0000000080000000,0x0000000083194f98,0x0000000084300000)
 Metaspace       used 62347K, committed 63808K, reserved 1114112K
  class space    used 7405K, committed 8064K, reserved 1048576K
}
Event: 21.257 GC heap after
{Heap after GC invocations=37 (full 3):
 PSYoungGen      total 24576K, used 2208K [0x00000000d5580000, 0x00000000d7000000, 0x0000000100000000)
  eden space 22016K, 0% used [0x00000000d5580000,0x00000000d5580000,0x00000000d6b00000)
  from space 2560K, 86% used [0x00000000d6d80000,0x00000000d6fa8010,0x00000000d7000000)
  to   space 2560K, 0% used [0x00000000d6b00000,0x00000000d6b00000,0x00000000d6d80000)
 ParOldGen       total 68608K, used 52809K [0x0000000080000000, 0x0000000084300000, 0x00000000d5580000)
  object space 68608K, 76% used [0x0000000080000000,0x00000000833925c0,0x0000000084300000)
 Metaspace       used 62347K, committed 63808K, reserved 1114112K
  class space    used 7405K, committed 8064K, reserved 1048576K
}
Event: 21.496 GC heap before
{Heap before GC invocations=38 (full 3):
 PSYoungGen      total 24576K, used 24224K [0x00000000d5580000, 0x00000000d7000000, 0x0000000100000000)
  eden space 22016K, 100% used [0x00000000d5580000,0x00000000d6b00000,0x00000000d6b00000)
  from space 2560K, 86% used [0x00000000d6d80000,0x00000000d6fa8010,0x00000000d7000000)
  to   space 2560K, 0% used [0x00000000d6b00000,0x00000000d6b00000,0x00000000d6d80000)
 ParOldGen       total 68608K, used 52809K [0x0000000080000000, 0x0000000084300000, 0x00000000d5580000)
  object space 68608K, 76% used [0x0000000080000000,0x00000000833925c0,0x0000000084300000)
 Metaspace       used 62452K, committed 63872K, reserved 1114112K
  class space    used 7415K, committed 8064K, reserved 1048576K
}
Event: 21.503 GC heap after
{Heap after GC invocations=38 (full 3):
 PSYoungGen      total 24064K, used 1912K [0x00000000d5580000, 0x00000000d6f00000, 0x0000000100000000)
  eden space 22016K, 0% used [0x00000000d5580000,0x00000000d5580000,0x00000000d6b00000)
  from space 2048K, 93% used [0x00000000d6b00000,0x00000000d6cde200,0x00000000d6d00000)
  to   space 2048K, 0% used [0x00000000d6d00000,0x00000000d6d00000,0x00000000d6f00000)
 ParOldGen       total 68608K, used 54905K [0x0000000080000000, 0x0000000084300000, 0x00000000d5580000)
  object space 68608K, 80% used [0x0000000080000000,0x000000008359e5d0,0x0000000084300000)
 Metaspace       used 62452K, committed 63872K, reserved 1114112K
  class space    used 7415K, committed 8064K, reserved 1048576K
}
Event: 6408.666 GC heap before
{Heap before GC invocations=39 (full 3):
 PSYoungGen      total 24064K, used 23918K [0x00000000d5580000, 0x00000000d6f00000, 0x0000000100000000)
  eden space 22016K, 99% used [0x00000000d5580000,0x00000000d6afd868,0x00000000d6b00000)
  from space 2048K, 93% used [0x00000000d6b00000,0x00000000d6cde200,0x00000000d6d00000)
  to   space 2048K, 0% used [0x00000000d6d00000,0x00000000d6d00000,0x00000000d6f00000)
 ParOldGen       total 68608K, used 54905K [0x0000000080000000, 0x0000000084300000, 0x00000000d5580000)
  object space 68608K, 80% used [0x0000000080000000,0x000000008359e5d0,0x0000000084300000)
 Metaspace       used 64199K, committed 65664K, reserved 1114112K
  class space    used 7592K, committed 8192K, reserved 1048576K
}
Event: 6408.683 GC heap after
{Heap after GC invocations=39 (full 3):
 PSYoungGen      total 21504K, used 2035K [0x00000000d5580000, 0x00000000d7400000, 0x0000000100000000)
  eden space 19456K, 0% used [0x00000000d5580000,0x00000000d5580000,0x00000000d6880000)
  from space 2048K, 99% used [0x00000000d6d00000,0x00000000d6efcce8,0x00000000d6f00000)
  to   space 4608K, 0% used [0x00000000d6880000,0x00000000d6880000,0x00000000d6d00000)
 ParOldGen       total 68608K, used 57058K [0x0000000080000000, 0x0000000084300000, 0x00000000d5580000)
  object space 68608K, 83% used [0x0000000080000000,0x00000000837b8820,0x0000000084300000)
 Metaspace       used 64199K, committed 65664K, reserved 1114112K
  class space    used 7592K, committed 8192K, reserved 1048576K
}
Event: 8826.003 GC heap before
{Heap before GC invocations=40 (full 3):
 PSYoungGen      total 21504K, used 21491K [0x00000000d5580000, 0x00000000d7400000, 0x0000000100000000)
  eden space 19456K, 100% used [0x00000000d5580000,0x00000000d6880000,0x00000000d6880000)
  from space 2048K, 99% used [0x00000000d6d00000,0x00000000d6efcce8,0x00000000d6f00000)
  to   space 4608K, 0% used [0x00000000d6880000,0x00000000d6880000,0x00000000d6d00000)
 ParOldGen       total 68608K, used 57058K [0x0000000080000000, 0x0000000084300000, 0x00000000d5580000)
  object space 68608K, 83% used [0x0000000080000000,0x00000000837b8820,0x0000000084300000)
 Metaspace       used 66681K, committed 68096K, reserved 1114112K
  class space    used 7857K, committed 8448K, reserved 1048576K
}
Event: 8826.008 GC heap after
{Heap after GC invocations=40 (full 3):
 PSYoungGen      total 20992K, used 1140K [0x00000000d5580000, 0x00000000d6d80000, 0x0000000100000000)
  eden space 19456K, 0% used [0x00000000d5580000,0x00000000d5580000,0x00000000d6880000)
  from space 1536K, 74% used [0x00000000d6880000,0x00000000d699d3e8,0x00000000d6a00000)
  to   space 2560K, 0% used [0x00000000d6b00000,0x00000000d6b00000,0x00000000d6d80000)
 ParOldGen       total 68608K, used 58910K [0x0000000080000000, 0x0000000084300000, 0x00000000d5580000)
  object space 68608K, 85% used [0x0000000080000000,0x0000000083987a70,0x0000000084300000)
 Metaspace       used 66681K, committed 68096K, reserved 1114112K
  class space    used 7857K, committed 8448K, reserved 1048576K
}
Event: 11857.617 GC heap before
{Heap before GC invocations=41 (full 3):
 PSYoungGen      total 20992K, used 20596K [0x00000000d5580000, 0x00000000d6d80000, 0x0000000100000000)
  eden space 19456K, 100% used [0x00000000d5580000,0x00000000d6880000,0x00000000d6880000)
  from space 1536K, 74% used [0x00000000d6880000,0x00000000d699d3e8,0x00000000d6a00000)
  to   space 2560K, 0% used [0x00000000d6b00000,0x00000000d6b00000,0x00000000d6d80000)
 ParOldGen       total 68608K, used 58910K [0x0000000080000000, 0x0000000084300000, 0x00000000d5580000)
  object space 68608K, 85% used [0x0000000080000000,0x0000000083987a70,0x0000000084300000)
 Metaspace       used 67263K, committed 68608K, reserved 1114112K
  class space    used 7884K, committed 8448K, reserved 1048576K
}
Event: 11857.624 GC heap after
{Heap after GC invocations=41 (full 3):
 PSYoungGen      total 19968K, used 352K [0x00000000d5580000, 0x00000000d6b80000, 0x0000000100000000)
  eden space 19456K, 0% used [0x00000000d5580000,0x00000000d5580000,0x00000000d6880000)
  from space 512K, 68% used [0x00000000d6b00000,0x00000000d6b58000,0x00000000d6b80000)
  to   space 1024K, 0% used [0x00000000d6980000,0x00000000d6980000,0x00000000d6a80000)
 ParOldGen       total 68608K, used 59842K [0x0000000080000000, 0x0000000084300000, 0x00000000d5580000)
  object space 68608K, 87% used [0x0000000080000000,0x0000000083a70b08,0x0000000084300000)
 Metaspace       used 67263K, committed 68608K, reserved 1114112K
  class space    used 7884K, committed 8448K, reserved 1048576K
}

