# JRE version: OpenJDK Runtime Environment Temurin-21.0.9+10 (21.0.9+10) (build 21.0.9+10-LTS)
# Java VM: OpenJDK 64-Bit Server VM Temurin-21.0.9+10 (21.0.9+10-LTS, mixed mode, sharing, tiered, compressed oops, compressed class ptrs, parallel gc, windows-amd64)
GC Precious Log:
 CardTable entry size: 512
 CPUs: 12 total, 12 available
 Memory: 16016M
 Large Page Support: Disabled
 NUMA Support: Disabled
 Compressed Oops: Enabled (32-bit)
 Alignments: Space 512K, Generation 512K, Heap 2M
 Heap Min Capacity: 100M
 Heap Initial Capacity: 100M
 Heap Max Capacity: 2G
 Pre-touch: Disabled
 Parallel Workers: 10
Heap:
 PSYoungGen      total 24576K, used 6491K [0x00000000d5580000, 0x00000000d7000000, 0x0000000100000000)
  eden space 22016K, 23% used [0x00000000d5580000,0x00000000d5a96e40,0x00000000d6b00000)
  from space 2560K, 50% used [0x00000000d6b80000,0x00000000d6cc0000,0x00000000d6e00000)
  to   space 2048K, 0% used [0x00000000d6e00000,0x00000000d6e00000,0x00000000d7000000)
 ParOldGen       total 68608K, used 22371K [0x0000000080000000, 0x0000000084300000, 0x00000000d5580000)
  object space 68608K, 32% used [0x0000000080000000,0x00000000815d8ca8,0x0000000084300000)
 Metaspace       used 41477K, committed 42560K, reserved 1114112K
  class space    used 4487K, committed 4928K, reserved 1048576K
GC Heap History (20 events):
Event: 12.733 GC heap before
{Heap before GC invocations=10 (full 1):
 PSYoungGen      total 25088K, used 24835K [0x00000000d5580000, 0x00000000d7480000, 0x0000000100000000)
  eden space 24064K, 100% used [0x00000000d5580000,0x00000000d6d00000,0x00000000d6d00000)
  from space 1024K, 75% used [0x00000000d7380000,0x00000000d7440eb8,0x00000000d7480000)
  to   space 2560K, 0% used [0x00000000d6f80000,0x00000000d6f80000,0x00000000d7200000)
 ParOldGen       total 68608K, used 15033K [0x0000000080000000, 0x0000000084300000, 0x00000000d5580000)
  object space 68608K, 21% used [0x0000000080000000,0x0000000080eae678,0x0000000084300000)
 Metaspace       used 26385K, committed 27264K, reserved 1114112K
  class space    used 2692K, committed 3072K, reserved 1048576K
}
Event: 12.735 GC heap after
{Heap after GC invocations=10 (full 1):
 PSYoungGen      total 26112K, used 2398K [0x00000000d5580000, 0x00000000d7400000, 0x0000000100000000)
  eden space 23552K, 0% used [0x00000000d5580000,0x00000000d5580000,0x00000000d6c80000)
  from space 2560K, 93% used [0x00000000d6f80000,0x00000000d71d7a80,0x00000000d7200000)
  to   space 2048K, 0% used [0x00000000d7200000,0x00000000d7200000,0x00000000d7400000)
 ParOldGen       total 68608K, used 15041K [0x0000000080000000, 0x0000000084300000, 0x00000000d5580000)
  object space 68608K, 21% used [0x0000000080000000,0x0000000080eb0678,0x0000000084300000)
 Metaspace       used 26385K, committed 27264K, reserved 1114112K
  class space    used 2692K, committed 3072K, reserved 1048576K
}
Event: 12.975 GC heap before
{Heap before GC invocations=11 (full 1):
 PSYoungGen      total 26112K, used 25950K [0x00000000d5580000, 0x00000000d7400000, 0x0000000100000000)
  eden space 23552K, 100% used [0x00000000d5580000,0x00000000d6c80000,0x00000000d6c80000)
  from space 2560K, 93% used [0x00000000d6f80000,0x00000000d71d7a80,0x00000000d7200000)
  to   space 2048K, 0% used [0x00000000d7200000,0x00000000d7200000,0x00000000d7400000)
 ParOldGen       total 68608K, used 15041K [0x0000000080000000, 0x0000000084300000, 0x00000000d5580000)
  object space 68608K, 21% used [0x0000000080000000,0x0000000080eb0678,0x0000000084300000)
 Metaspace       used 28617K, committed 29440K, reserved 1114112K
  class space    used 2906K, committed 3264K, reserved 1048576K
}
Event: 12.978 GC heap after
{Heap after GC invocations=11 (full 1):
 PSYoungGen      total 25088K, used 1751K [0x00000000d5580000, 0x00000000d7400000, 0x0000000100000000)
  eden space 23040K, 0% used [0x00000000d5580000,0x00000000d5580000,0x00000000d6c00000)
  from space 2048K, 85% used [0x00000000d7200000,0x00000000d73b5fe0,0x00000000d7400000)
  to   space 2048K, 0% used [0x00000000d7000000,0x00000000d7000000,0x00000000d7200000)
 ParOldGen       total 68608K, used 16121K [0x0000000080000000, 0x0000000084300000, 0x00000000d5580000)
  object space 68608K, 23% used [0x0000000080000000,0x0000000080fbe7a8,0x0000000084300000)
 Metaspace       used 28617K, committed 29440K, reserved 1114112K
  class space    used 2906K, committed 3264K, reserved 1048576K
}
Event: 13.783 GC heap before
{Heap before GC invocations=12 (full 1):
 PSYoungGen      total 25088K, used 24791K [0x00000000d5580000, 0x00000000d7400000, 0x0000000100000000)
  eden space 23040K, 100% used [0x00000000d5580000,0x00000000d6c00000,0x00000000d6c00000)
  from space 2048K, 85% used [0x00000000d7200000,0x00000000d73b5fe0,0x00000000d7400000)
  to   space 2048K, 0% used [0x00000000d7000000,0x00000000d7000000,0x00000000d7200000)
 ParOldGen       total 68608K, used 16121K [0x0000000080000000, 0x0000000084300000, 0x00000000d5580000)
  object space 68608K, 23% used [0x0000000080000000,0x0000000080fbe7a8,0x0000000084300000)
 Metaspace       used 30685K, committed 31552K, reserved 1114112K
  class space    used 3149K, committed 3520K, reserved 1048576K
}
Event: 13.787 GC heap after
{Heap after GC invocations=12 (full 1):
 PSYoungGen      total 24064K, used 1348K [0x00000000d5580000, 0x00000000d7280000, 0x0000000100000000)
  eden space 22528K, 0% used [0x00000000d5580000,0x00000000d5580000,0x00000000d6b80000)
  from space 1536K, 87% used [0x00000000d7000000,0x00000000d7151108,0x00000000d7180000)
  to   space 1024K, 0% used [0x00000000d7180000,0x00000000d7180000,0x00000000d7280000)
 ParOldGen       total 68608K, used 17551K [0x0000000080000000, 0x0000000084300000, 0x00000000d5580000)
  object space 68608K, 25% used [0x0000000080000000,0x0000000081123da0,0x0000000084300000)
 Metaspace       used 30685K, committed 31552K, reserved 1114112K
  class space    used 3149K, committed 3520K, reserved 1048576K
}
Event: 14.936 GC heap before
{Heap before GC invocations=13 (full 1):
 PSYoungGen      total 24064K, used 23876K [0x00000000d5580000, 0x00000000d7280000, 0x0000000100000000)
  eden space 22528K, 100% used [0x00000000d5580000,0x00000000d6b80000,0x00000000d6b80000)
  from space 1536K, 87% used [0x00000000d7000000,0x00000000d7151108,0x00000000d7180000)
  to   space 1024K, 0% used [0x00000000d7180000,0x00000000d7180000,0x00000000d7280000)
 ParOldGen       total 68608K, used 17551K [0x0000000080000000, 0x0000000084300000, 0x00000000d5580000)
  object space 68608K, 25% used [0x0000000080000000,0x0000000081123da0,0x0000000084300000)
 Metaspace       used 33141K, committed 34112K, reserved 1114112K
  class space    used 3420K, committed 3840K, reserved 1048576K
}
Event: 14.938 GC heap after
{Heap after GC invocations=13 (full 1):
 PSYoungGen      total 23040K, used 1020K [0x00000000d5580000, 0x00000000d7280000, 0x0000000100000000)
  eden space 22016K, 0% used [0x00000000d5580000,0x00000000d5580000,0x00000000d6b00000)
  from space 1024K, 99% used [0x00000000d7180000,0x00000000d727f338,0x00000000d7280000)
  to   space 2560K, 0% used [0x00000000d6d80000,0x00000000d6d80000,0x00000000d7000000)
 ParOldGen       total 68608K, used 18560K [0x0000000080000000, 0x0000000084300000, 0x00000000d5580000)
  object space 68608K, 27% used [0x0000000080000000,0x0000000081220208,0x0000000084300000)
 Metaspace       used 33141K, committed 34112K, reserved 1114112K
  class space    used 3420K, committed 3840K, reserved 1048576K
}
Event: 15.635 GC heap before
{Heap before GC invocations=14 (full 1):
 PSYoungGen      total 23040K, used 17871K [0x00000000d5580000, 0x00000000d7280000, 0x0000000100000000)
  eden space 22016K, 76% used [0x00000000d5580000,0x00000000d65f4bf0,0x00000000d6b00000)
  from space 1024K, 99% used [0x00000000d7180000,0x00000000d727f338,0x00000000d7280000)
  to   space 2560K, 0% used [0x00000000d6d80000,0x00000000d6d80000,0x00000000d7000000)
 ParOldGen       total 68608K, used 18560K [0x0000000080000000, 0x0000000084300000, 0x00000000d5580000)
  object space 68608K, 27% used [0x0000000080000000,0x0000000081220208,0x0000000084300000)
 Metaspace       used 34814K, committed 35904K, reserved 1114112K
  class space    used 3635K, committed 4096K, reserved 1048576K
}
Event: 15.638 GC heap after
{Heap after GC invocations=14 (full 1):
 PSYoungGen      total 24576K, used 1473K [0x00000000d5580000, 0x00000000d7200000, 0x0000000100000000)
  eden space 22016K, 0% used [0x00000000d5580000,0x00000000d5580000,0x00000000d6b00000)
  from space 2560K, 57% used [0x00000000d6d80000,0x00000000d6ef0750,0x00000000d7000000)
  to   space 2048K, 0% used [0x00000000d7000000,0x00000000d7000000,0x00000000d7200000)
 ParOldGen       total 68608K, used 19421K [0x0000000080000000, 0x0000000084300000, 0x00000000d5580000)
  object space 68608K, 28% used [0x0000000080000000,0x00000000812f7790,0x0000000084300000)
 Metaspace       used 34814K, committed 35904K, reserved 1114112K
  class space    used 3635K, committed 4096K, reserved 1048576K
}
Event: 15.664 GC heap before
{Heap before GC invocations=15 (full 1):
 PSYoungGen      total 24576K, used 4178K [0x00000000d5580000, 0x00000000d7200000, 0x0000000100000000)
  eden space 22016K, 12% used [0x00000000d5580000,0x00000000d58241a0,0x00000000d6b00000)
  from space 2560K, 57% used [0x00000000d6d80000,0x00000000d6ef0750,0x00000000d7000000)
  to   space 2048K, 0% used [0x00000000d7000000,0x00000000d7000000,0x00000000d7200000)
 ParOldGen       total 68608K, used 19421K [0x0000000080000000, 0x0000000084300000, 0x00000000d5580000)
  object space 68608K, 28% used [0x0000000080000000,0x00000000812f7790,0x0000000084300000)
 Metaspace       used 35177K, committed 36160K, reserved 1114112K
  class space    used 3674K, committed 4096K, reserved 1048576K
}
Event: 15.666 GC heap after
{Heap after GC invocations=15 (full 1):
 PSYoungGen      total 22528K, used 460K [0x00000000d5580000, 0x00000000d7080000, 0x0000000100000000)
  eden space 22016K, 0% used [0x00000000d5580000,0x00000000d5580000,0x00000000d6b00000)
  from space 512K, 90% used [0x00000000d7000000,0x00000000d7073390,0x00000000d7080000)
  to   space 1024K, 0% used [0x00000000d6e80000,0x00000000d6e80000,0x00000000d6f80000)
 ParOldGen       total 68608K, used 20729K [0x0000000080000000, 0x0000000084300000, 0x00000000d5580000)
  object space 68608K, 30% used [0x0000000080000000,0x000000008143e400,0x0000000084300000)
 Metaspace       used 35177K, committed 36160K, reserved 1114112K
  class space    used 3674K, committed 4096K, reserved 1048576K
}
Event: 15.666 GC heap before
{Heap before GC invocations=16 (full 2):
 PSYoungGen      total 22528K, used 460K [0x00000000d5580000, 0x00000000d7080000, 0x0000000100000000)
  eden space 22016K, 0% used [0x00000000d5580000,0x00000000d5580000,0x00000000d6b00000)
  from space 512K, 90% used [0x00000000d7000000,0x00000000d7073390,0x00000000d7080000)
  to   space 1024K, 0% used [0x00000000d6e80000,0x00000000d6e80000,0x00000000d6f80000)
 ParOldGen       total 68608K, used 20729K [0x0000000080000000, 0x0000000084300000, 0x00000000d5580000)
  object space 68608K, 30% used [0x0000000080000000,0x000000008143e400,0x0000000084300000)
 Metaspace       used 35177K, committed 36160K, reserved 1114112K
  class space    used 3674K, committed 4096K, reserved 1048576K
}
Event: 15.711 GC heap after
{Heap after GC invocations=16 (full 2):
 PSYoungGen      total 22528K, used 0K [0x00000000d5580000, 0x00000000d7080000, 0x0000000100000000)
  eden space 22016K, 0% used [0x00000000d5580000,0x00000000d5580000,0x00000000d6b00000)
  from space 512K, 0% used [0x00000000d7000000,0x00000000d7000000,0x00000000d7080000)
  to   space 1024K, 0% used [0x00000000d6e80000,0x00000000d6e80000,0x00000000d6f80000)
 ParOldGen       total 68608K, used 20334K [0x0000000080000000, 0x0000000084300000, 0x00000000d5580000)
  object space 68608K, 29% used [0x0000000080000000,0x00000000813db958,0x0000000084300000)
 Metaspace       used 35177K, committed 36160K, reserved 1114112K
  class space    used 3674K, committed 4096K, reserved 1048576K
}
Event: 15.977 GC heap before
{Heap before GC invocations=17 (full 2):
 PSYoungGen      total 22528K, used 22016K [0x00000000d5580000, 0x00000000d7080000, 0x0000000100000000)
  eden space 22016K, 100% used [0x00000000d5580000,0x00000000d6b00000,0x00000000d6b00000)
  from space 512K, 0% used [0x00000000d7000000,0x00000000d7000000,0x00000000d7080000)
  to   space 1024K, 0% used [0x00000000d6e80000,0x00000000d6e80000,0x00000000d6f80000)
 ParOldGen       total 68608K, used 20334K [0x0000000080000000, 0x0000000084300000, 0x00000000d5580000)
  object space 68608K, 29% used [0x0000000080000000,0x00000000813db958,0x0000000084300000)
 Metaspace       used 36215K, committed 37312K, reserved 1114112K
  class space    used 3796K, committed 4288K, reserved 1048576K
}
Event: 15.978 GC heap after
{Heap after GC invocations=17 (full 2):
 PSYoungGen      total 23040K, used 896K [0x00000000d5580000, 0x00000000d7080000, 0x0000000100000000)
  eden space 22016K, 0% used [0x00000000d5580000,0x00000000d5580000,0x00000000d6b00000)
  from space 1024K, 87% used [0x00000000d6e80000,0x00000000d6f60000,0x00000000d6f80000)
  to   space 1024K, 0% used [0x00000000d6f80000,0x00000000d6f80000,0x00000000d7080000)
 ParOldGen       total 68608K, used 20342K [0x0000000080000000, 0x0000000084300000, 0x00000000d5580000)
  object space 68608K, 29% used [0x0000000080000000,0x00000000813dd958,0x0000000084300000)
 Metaspace       used 36215K, committed 37312K, reserved 1114112K
  class space    used 3796K, committed 4288K, reserved 1048576K
}
Event: 16.505 GC heap before
{Heap before GC invocations=18 (full 2):
 PSYoungGen      total 23040K, used 22911K [0x00000000d5580000, 0x00000000d7080000, 0x0000000100000000)
  eden space 22016K, 99% used [0x00000000d5580000,0x00000000d6afffe0,0x00000000d6b00000)
  from space 1024K, 87% used [0x00000000d6e80000,0x00000000d6f60000,0x00000000d6f80000)
  to   space 1024K, 0% used [0x00000000d6f80000,0x00000000d6f80000,0x00000000d7080000)
 ParOldGen       total 68608K, used 20342K [0x0000000080000000, 0x0000000084300000, 0x00000000d5580000)
  object space 68608K, 29% used [0x0000000080000000,0x00000000813dd958,0x0000000084300000)
 Metaspace       used 38570K, committed 39616K, reserved 1114112K
  class space    used 4132K, committed 4608K, reserved 1048576K
}
Event: 16.508 GC heap after
{Heap after GC invocations=18 (full 2):
 PSYoungGen      total 23040K, used 1024K [0x00000000d5580000, 0x00000000d7080000, 0x0000000100000000)
  eden space 22016K, 0% used [0x00000000d5580000,0x00000000d5580000,0x00000000d6b00000)
  from space 1024K, 100% used [0x00000000d6f80000,0x00000000d7080000,0x00000000d7080000)
  to   space 2560K, 0% used [0x00000000d6b80000,0x00000000d6b80000,0x00000000d6e00000)
 ParOldGen       total 68608K, used 21394K [0x0000000080000000, 0x0000000084300000, 0x00000000d5580000)
  object space 68608K, 31% used [0x0000000080000000,0x00000000814e4998,0x0000000084300000)
 Metaspace       used 38570K, committed 39616K, reserved 1114112K
  class space    used 4132K, committed 4608K, reserved 1048576K
}
Event: 16.843 GC heap before
{Heap before GC invocations=19 (full 2):
 PSYoungGen      total 23040K, used 23040K [0x00000000d5580000, 0x00000000d7080000, 0x0000000100000000)
  eden space 22016K, 100% used [0x00000000d5580000,0x00000000d6b00000,0x00000000d6b00000)
  from space 1024K, 100% used [0x00000000d6f80000,0x00000000d7080000,0x00000000d7080000)
  to   space 2560K, 0% used [0x00000000d6b80000,0x00000000d6b80000,0x00000000d6e00000)
 ParOldGen       total 68608K, used 21394K [0x0000000080000000, 0x0000000084300000, 0x00000000d5580000)
  object space 68608K, 31% used [0x0000000080000000,0x00000000814e4998,0x0000000084300000)
 Metaspace       used 40872K, committed 41856K, reserved 1114112K
  class space    used 4415K, committed 4864K, reserved 1048576K
}
Event: 16.849 GC heap after
{Heap after GC invocations=19 (full 2):
 PSYoungGen      total 24576K, used 1280K [0x00000000d5580000, 0x00000000d7000000, 0x0000000100000000)
  eden space 22016K, 0% used [0x00000000d5580000,0x00000000d5580000,0x00000000d6b00000)
  from space 2560K, 50% used [0x00000000d6b80000,0x00000000d6cc0000,0x00000000d6e00000)
  to   space 2048K, 0% used [0x00000000d6e00000,0x00000000d6e00000,0x00000000d7000000)
 ParOldGen       total 68608K, used 22371K [0x0000000080000000, 0x0000000084300000, 0x00000000d5580000)
  object space 68608K, 32% used [0x0000000080000000,0x00000000815d8ca8,0x0000000084300000)
 Metaspace       used 40872K, committed 41856K, reserved 1114112K
  class space    used 4415K, committed 4864K, reserved 1048576K
}

