# JRE version: Java(TM) SE Runtime Environment (21.0.1+12) (build 21.0.1+12-LTS-29)
# Java VM: Java HotSpot(TM) 64-Bit Server VM (21.0.1+12-LTS-29, mixed mode, sharing, tiered, compressed oops, compressed class ptrs, g1 gc, windows-amd64)
GC Precious Log:
 CardTable entry size: 512
 Card Set container configuration: InlinePtr #cards 5 size 8 Array Of Cards #cards 12 size 40 Howl #buckets 4 coarsen threshold 1843 Howl Bitmap #cards 512 size 80 coarsen threshold 460 Card regions per heap region 1 cards per card region 2048
 CPUs: 12 total, 12 available
 Memory: 16016M
 Large Page Support: Disabled
 NUMA Support: Disabled
 Compressed Oops: Enabled (32-bit)
 Heap Region Size: 1M
 Heap Min Capacity: 8M
 Heap Initial Capacity: 252M
 Heap Max Capacity: 2G
 Pre-touch: Disabled
 Parallel Workers: 10
 Concurrent Workers: 3
 Concurrent Refinement Workers: 10
 Periodic GC: Disabled
Heap:
 garbage-first heap   total 164864K, used 103351K [0x0000000080000000, 0x0000000100000000)
  region size 1024K, 30 young (30720K), 2 survivors (2048K)
 Metaspace       used 66060K, committed 68032K, reserved 491520K
  class space    used 9145K, committed 10112K, reserved 425984K
GC Heap History (20 events):
Event: 4.074 GC heap before
{Heap before GC invocations=6 (full 0):
 garbage-first heap   total 113664K, used 53795K [0x0000000080000000, 0x0000000100000000)
  region size 1024K, 35 young (35840K), 10 survivors (10240K)
 Metaspace       used 34634K, committed 35968K, reserved 491520K
  class space    used 5088K, committed 5760K, reserved 425984K
}
Event: 4.082 GC heap after
{Heap after GC invocations=7 (full 0):
 garbage-first heap   total 113664K, used 31995K [0x0000000080000000, 0x0000000100000000)
  region size 1024K, 7 young (7168K), 7 survivors (7168K)
 Metaspace       used 34634K, committed 35968K, reserved 491520K
  class space    used 5088K, committed 5760K, reserved 425984K
}
Event: 4.129 GC heap before
{Heap before GC invocations=7 (full 0):
 garbage-first heap   total 113664K, used 33019K [0x0000000080000000, 0x0000000100000000)
  region size 1024K, 9 young (9216K), 7 survivors (7168K)
 Metaspace       used 34979K, committed 36288K, reserved 491520K
  class space    used 5115K, committed 5760K, reserved 425984K
}
Event: 4.134 GC heap after
{Heap after GC invocations=8 (full 0):
 garbage-first heap   total 113664K, used 32504K [0x0000000080000000, 0x0000000100000000)
  region size 1024K, 4 young (4096K), 4 survivors (4096K)
 Metaspace       used 34979K, committed 36288K, reserved 491520K
  class space    used 5115K, committed 5760K, reserved 425984K
}
Event: 4.587 GC heap before
{Heap before GC invocations=9 (full 0):
 garbage-first heap   total 113664K, used 92920K [0x0000000080000000, 0x0000000100000000)
  region size 1024K, 59 young (60416K), 4 survivors (4096K)
 Metaspace       used 39266K, committed 40640K, reserved 491520K
  class space    used 5593K, committed 6272K, reserved 425984K
}
Event: 4.591 GC heap after
{Heap after GC invocations=10 (full 0):
 garbage-first heap   total 113664K, used 36405K [0x0000000080000000, 0x0000000100000000)
  region size 1024K, 8 young (8192K), 8 survivors (8192K)
 Metaspace       used 39266K, committed 40640K, reserved 491520K
  class space    used 5593K, committed 6272K, reserved 425984K
}
Event: 5.069 GC heap before
{Heap before GC invocations=10 (full 0):
 garbage-first heap   total 113664K, used 92725K [0x0000000080000000, 0x0000000100000000)
  region size 1024K, 62 young (63488K), 8 survivors (8192K)
 Metaspace       used 45438K, committed 47040K, reserved 491520K
  class space    used 6444K, committed 7232K, reserved 425984K
}
Event: 5.075 GC heap after
{Heap after GC invocations=11 (full 0):
 garbage-first heap   total 137216K, used 38527K [0x0000000080000000, 0x0000000100000000)
  region size 1024K, 4 young (4096K), 4 survivors (4096K)
 Metaspace       used 45438K, committed 47040K, reserved 491520K
  class space    used 6444K, committed 7232K, reserved 425984K
}
Event: 6.096 GC heap before
{Heap before GC invocations=11 (full 0):
 garbage-first heap   total 137216K, used 112255K [0x0000000080000000, 0x0000000100000000)
  region size 1024K, 76 young (77824K), 4 survivors (4096K)
 Metaspace       used 53871K, committed 55680K, reserved 491520K
  class space    used 7723K, committed 8640K, reserved 425984K
}
Event: 6.102 GC heap after
{Heap after GC invocations=12 (full 0):
 garbage-first heap   total 137216K, used 43090K [0x0000000080000000, 0x0000000100000000)
  region size 1024K, 8 young (8192K), 8 survivors (8192K)
 Metaspace       used 53871K, committed 55680K, reserved 491520K
  class space    used 7723K, committed 8640K, reserved 425984K
}
Event: 7.112 GC heap before
{Heap before GC invocations=12 (full 0):
 garbage-first heap   total 137216K, used 114770K [0x0000000080000000, 0x0000000100000000)
  region size 1024K, 79 young (80896K), 8 survivors (8192K)
 Metaspace       used 56757K, committed 58496K, reserved 491520K
  class space    used 8066K, committed 8896K, reserved 425984K
}
Event: 7.120 GC heap after
{Heap after GC invocations=13 (full 0):
 garbage-first heap   total 137216K, used 48908K [0x0000000080000000, 0x0000000100000000)
  region size 1024K, 10 young (10240K), 10 survivors (10240K)
 Metaspace       used 56757K, committed 58496K, reserved 491520K
  class space    used 8066K, committed 8896K, reserved 425984K
}
Event: 7.778 GC heap before
{Heap before GC invocations=13 (full 0):
 garbage-first heap   total 137216K, used 115468K [0x0000000080000000, 0x0000000100000000)
  region size 1024K, 76 young (77824K), 10 survivors (10240K)
 Metaspace       used 57198K, committed 59008K, reserved 491520K
  class space    used 8093K, committed 8960K, reserved 425984K
}
Event: 7.788 GC heap after
{Heap after GC invocations=14 (full 0):
 garbage-first heap   total 137216K, used 51808K [0x0000000080000000, 0x0000000100000000)
  region size 1024K, 5 young (5120K), 5 survivors (5120K)
 Metaspace       used 57198K, committed 59008K, reserved 491520K
  class space    used 8093K, committed 8960K, reserved 425984K
}
Event: 8.194 GC heap before
{Heap before GC invocations=14 (full 0):
 garbage-first heap   total 137216K, used 117344K [0x0000000080000000, 0x0000000100000000)
  region size 1024K, 70 young (71680K), 5 survivors (5120K)
 Metaspace       used 57240K, committed 59008K, reserved 491520K
  class space    used 8095K, committed 8960K, reserved 425984K
}
Event: 8.199 GC heap after
{Heap after GC invocations=15 (full 0):
 garbage-first heap   total 137216K, used 52278K [0x0000000080000000, 0x0000000100000000)
  region size 1024K, 5 young (5120K), 5 survivors (5120K)
 Metaspace       used 57240K, committed 59008K, reserved 491520K
  class space    used 8095K, committed 8960K, reserved 425984K
}
Event: 8.577 GC heap before
{Heap before GC invocations=15 (full 0):
 garbage-first heap   total 137216K, used 101430K [0x0000000080000000, 0x0000000100000000)
  region size 1024K, 42 young (43008K), 5 survivors (5120K)
 Metaspace       used 58984K, committed 60736K, reserved 491520K
  class space    used 8309K, committed 9152K, reserved 425984K
}
Event: 8.584 GC heap after
{Heap after GC invocations=16 (full 0):
 garbage-first heap   total 137216K, used 72870K [0x0000000080000000, 0x0000000100000000)
  region size 1024K, 9 young (9216K), 9 survivors (9216K)
 Metaspace       used 58984K, committed 60736K, reserved 491520K
  class space    used 8309K, committed 9152K, reserved 425984K
}
Event: 8.945 GC heap before
{Heap before GC invocations=17 (full 0):
 garbage-first heap   total 137216K, used 118950K [0x0000000080000000, 0x0000000100000000)
  region size 1024K, 53 young (54272K), 9 survivors (9216K)
 Metaspace       used 63123K, committed 64960K, reserved 491520K
  class space    used 8756K, committed 9664K, reserved 425984K
}
Event: 8.951 GC heap after
{Heap after GC invocations=18 (full 0):
 garbage-first heap   total 164864K, used 75703K [0x0000000080000000, 0x0000000100000000)
  region size 1024K, 2 young (2048K), 2 survivors (2048K)
 Metaspace       used 63123K, committed 64960K, reserved 491520K
  class space    used 8756K, committed 9664K, reserved 425984K
}

