# JRE version: OpenJDK Runtime Environment Temurin-21.0.9+10 (21.0.9+10) (build 21.0.9+10-LTS)
# Java VM: OpenJDK 64-Bit Server VM Temurin-21.0.9+10 (21.0.9+10-LTS, mixed mode, sharing, tiered, compressed oops, compressed class ptrs, parallel gc, windows-amd64)
GC Precious Log:
 CardTable entry size: 512
 CPUs: 12 total, 12 available
 Memory: 16016M
 Large Page Support: Disabled
 NUMA Support: Disabled
 Compressed Oops: Enabled (32-bit)
 Alignments: Space 512K, Generation 512K, Heap 2M
 Heap Min Capacity: 100M
 Heap Initial Capacity: 100M
 Heap Max Capacity: 2G
 Pre-touch: Disabled
 Parallel Workers: 10
Heap:
 PSYoungGen      total 16384K, used 10028K [0x00000000d5580000, 0x00000000d6780000, 0x0000000100000000)
  eden space 14848K, 58% used [0x00000000d5580000,0x00000000d5dfb2c8,0x00000000d6400000)
  from space 1536K, 87% used [0x00000000d6580000,0x00000000d66d0040,0x00000000d6700000)
  to   space 512K, 0% used [0x00000000d6700000,0x00000000d6700000,0x00000000d6780000)
 ParOldGen       total 68608K, used 56028K [0x0000000080000000, 0x0000000084300000, 0x00000000d5580000)
  object space 68608K, 81% used [0x0000000080000000,0x00000000836b70e8,0x0000000084300000)
 Metaspace       used 64632K, committed 66176K, reserved 1114112K
  class space    used 7640K, committed 8320K, reserved 1048576K
GC Heap History (20 events):
Event: 10.855 GC heap before
{Heap before GC invocations=37 (full 3):
 PSYoungGen      total 16384K, used 16288K [0x00000000d5580000, 0x00000000d6c00000, 0x0000000100000000)
  eden space 14848K, 100% used [0x00000000d5580000,0x00000000d6400000,0x00000000d6400000)
  from space 1536K, 93% used [0x00000000d6900000,0x00000000d6a68010,0x00000000d6a80000)
  to   space 1536K, 0% used [0x00000000d6a80000,0x00000000d6a80000,0x00000000d6c00000)
 ParOldGen       total 68608K, used 42915K [0x0000000080000000, 0x0000000084300000, 0x00000000d5580000)
  object space 68608K, 62% used [0x0000000080000000,0x00000000829e8f48,0x0000000084300000)
 Metaspace       used 60377K, committed 61888K, reserved 1114112K
  class space    used 7131K, committed 7808K, reserved 1048576K
}
Event: 10.857 GC heap after
{Heap after GC invocations=37 (full 3):
 PSYoungGen      total 16384K, used 1465K [0x00000000d5580000, 0x00000000d6c00000, 0x0000000100000000)
  eden space 14848K, 0% used [0x00000000d5580000,0x00000000d5580000,0x00000000d6400000)
  from space 1536K, 95% used [0x00000000d6a80000,0x00000000d6bee470,0x00000000d6c00000)
  to   space 1536K, 0% used [0x00000000d6900000,0x00000000d6900000,0x00000000d6a80000)
 ParOldGen       total 68608K, used 44267K [0x0000000080000000, 0x0000000084300000, 0x00000000d5580000)
  object space 68608K, 64% used [0x0000000080000000,0x0000000082b3af58,0x0000000084300000)
 Metaspace       used 60377K, committed 61888K, reserved 1114112K
  class space    used 7131K, committed 7808K, reserved 1048576K
}
Event: 11.149 GC heap before
{Heap before GC invocations=38 (full 3):
 PSYoungGen      total 16384K, used 16313K [0x00000000d5580000, 0x00000000d6c00000, 0x0000000100000000)
  eden space 14848K, 100% used [0x00000000d5580000,0x00000000d6400000,0x00000000d6400000)
  from space 1536K, 95% used [0x00000000d6a80000,0x00000000d6bee470,0x00000000d6c00000)
  to   space 1536K, 0% used [0x00000000d6900000,0x00000000d6900000,0x00000000d6a80000)
 ParOldGen       total 68608K, used 44267K [0x0000000080000000, 0x0000000084300000, 0x00000000d5580000)
  object space 68608K, 64% used [0x0000000080000000,0x0000000082b3af58,0x0000000084300000)
 Metaspace       used 61551K, committed 62976K, reserved 1114112K
  class space    used 7312K, committed 7936K, reserved 1048576K
}
Event: 11.151 GC heap after
{Heap after GC invocations=38 (full 3):
 PSYoungGen      total 16384K, used 1410K [0x00000000d5580000, 0x00000000d6b00000, 0x0000000100000000)
  eden space 14848K, 0% used [0x00000000d5580000,0x00000000d5580000,0x00000000d6400000)
  from space 1536K, 91% used [0x00000000d6900000,0x00000000d6a60810,0x00000000d6a80000)
  to   space 512K, 0% used [0x00000000d6a80000,0x00000000d6a80000,0x00000000d6b00000)
 ParOldGen       total 68608K, used 45606K [0x0000000080000000, 0x0000000084300000, 0x00000000d5580000)
  object space 68608K, 66% used [0x0000000080000000,0x0000000082c89ab0,0x0000000084300000)
 Metaspace       used 61551K, committed 62976K, reserved 1114112K
  class space    used 7312K, committed 7936K, reserved 1048576K
}
Event: 11.220 GC heap before
{Heap before GC invocations=39 (full 3):
 PSYoungGen      total 16384K, used 16258K [0x00000000d5580000, 0x00000000d6b00000, 0x0000000100000000)
  eden space 14848K, 100% used [0x00000000d5580000,0x00000000d6400000,0x00000000d6400000)
  from space 1536K, 91% used [0x00000000d6900000,0x00000000d6a60810,0x00000000d6a80000)
  to   space 512K, 0% used [0x00000000d6a80000,0x00000000d6a80000,0x00000000d6b00000)
 ParOldGen       total 68608K, used 45606K [0x0000000080000000, 0x0000000084300000, 0x00000000d5580000)
  object space 68608K, 66% used [0x0000000080000000,0x0000000082c89ab0,0x0000000084300000)
 Metaspace       used 61652K, committed 63104K, reserved 1114112K
  class space    used 7322K, committed 8000K, reserved 1048576K
}
Event: 11.224 GC heap after
{Heap after GC invocations=39 (full 3):
 PSYoungGen      total 15360K, used 512K [0x00000000d5580000, 0x00000000d6b00000, 0x0000000100000000)
  eden space 14848K, 0% used [0x00000000d5580000,0x00000000d5580000,0x00000000d6400000)
  from space 512K, 100% used [0x00000000d6a80000,0x00000000d6b00000,0x00000000d6b00000)
  to   space 3072K, 0% used [0x00000000d6500000,0x00000000d6500000,0x00000000d6800000)
 ParOldGen       total 68608K, used 47804K [0x0000000080000000, 0x0000000084300000, 0x00000000d5580000)
  object space 68608K, 69% used [0x0000000080000000,0x0000000082eaf3a8,0x0000000084300000)
 Metaspace       used 61652K, committed 63104K, reserved 1114112K
  class space    used 7322K, committed 8000K, reserved 1048576K
}
Event: 11.296 GC heap before
{Heap before GC invocations=40 (full 3):
 PSYoungGen      total 15360K, used 15360K [0x00000000d5580000, 0x00000000d6b00000, 0x0000000100000000)
  eden space 14848K, 100% used [0x00000000d5580000,0x00000000d6400000,0x00000000d6400000)
  from space 512K, 100% used [0x00000000d6a80000,0x00000000d6b00000,0x00000000d6b00000)
  to   space 3072K, 0% used [0x00000000d6500000,0x00000000d6500000,0x00000000d6800000)
 ParOldGen       total 68608K, used 47804K [0x0000000080000000, 0x0000000084300000, 0x00000000d5580000)
  object space 68608K, 69% used [0x0000000080000000,0x0000000082eaf3a8,0x0000000084300000)
 Metaspace       used 61677K, committed 63104K, reserved 1114112K
  class space    used 7322K, committed 8000K, reserved 1048576K
}
Event: 11.299 GC heap after
{Heap after GC invocations=40 (full 3):
 PSYoungGen      total 17920K, used 1568K [0x00000000d5580000, 0x00000000d6b00000, 0x0000000100000000)
  eden space 14848K, 0% used [0x00000000d5580000,0x00000000d5580000,0x00000000d6400000)
  from space 3072K, 51% used [0x00000000d6500000,0x00000000d6688000,0x00000000d6800000)
  to   space 2048K, 0% used [0x00000000d6900000,0x00000000d6900000,0x00000000d6b00000)
 ParOldGen       total 68608K, used 48340K [0x0000000080000000, 0x0000000084300000, 0x00000000d5580000)
  object space 68608K, 70% used [0x0000000080000000,0x0000000082f353a8,0x0000000084300000)
 Metaspace       used 61677K, committed 63104K, reserved 1114112K
  class space    used 7322K, committed 8000K, reserved 1048576K
}
Event: 11.417 GC heap before
{Heap before GC invocations=41 (full 3):
 PSYoungGen      total 17920K, used 16416K [0x00000000d5580000, 0x00000000d6b00000, 0x0000000100000000)
  eden space 14848K, 100% used [0x00000000d5580000,0x00000000d6400000,0x00000000d6400000)
  from space 3072K, 51% used [0x00000000d6500000,0x00000000d6688000,0x00000000d6800000)
  to   space 2048K, 0% used [0x00000000d6900000,0x00000000d6900000,0x00000000d6b00000)
 ParOldGen       total 68608K, used 48340K [0x0000000080000000, 0x0000000084300000, 0x00000000d5580000)
  object space 68608K, 70% used [0x0000000080000000,0x0000000082f353a8,0x0000000084300000)
 Metaspace       used 61702K, committed 63232K, reserved 1114112K
  class space    used 7324K, committed 8000K, reserved 1048576K
}
Event: 11.421 GC heap after
{Heap after GC invocations=41 (full 3):
 PSYoungGen      total 16896K, used 1540K [0x00000000d5580000, 0x00000000d6b00000, 0x0000000100000000)
  eden space 14848K, 0% used [0x00000000d5580000,0x00000000d5580000,0x00000000d6400000)
  from space 2048K, 75% used [0x00000000d6900000,0x00000000d6a81000,0x00000000d6b00000)
  to   space 2048K, 0% used [0x00000000d6700000,0x00000000d6700000,0x00000000d6900000)
 ParOldGen       total 68608K, used 49747K [0x0000000080000000, 0x0000000084300000, 0x00000000d5580000)
  object space 68608K, 72% used [0x0000000080000000,0x0000000083094d58,0x0000000084300000)
 Metaspace       used 61702K, committed 63232K, reserved 1114112K
  class space    used 7324K, committed 8000K, reserved 1048576K
}
Event: 11.533 GC heap before
{Heap before GC invocations=42 (full 3):
 PSYoungGen      total 16896K, used 16388K [0x00000000d5580000, 0x00000000d6b00000, 0x0000000100000000)
  eden space 14848K, 100% used [0x00000000d5580000,0x00000000d6400000,0x00000000d6400000)
  from space 2048K, 75% used [0x00000000d6900000,0x00000000d6a81000,0x00000000d6b00000)
  to   space 2048K, 0% used [0x00000000d6700000,0x00000000d6700000,0x00000000d6900000)
 ParOldGen       total 68608K, used 49747K [0x0000000080000000, 0x0000000084300000, 0x00000000d5580000)
  object space 68608K, 72% used [0x0000000080000000,0x0000000083094d58,0x0000000084300000)
 Metaspace       used 62092K, committed 63616K, reserved 1114112K
  class space    used 7361K, committed 8064K, reserved 1048576K
}
Event: 11.538 GC heap after
{Heap after GC invocations=42 (full 3):
 PSYoungGen      total 16384K, used 1376K [0x00000000d5580000, 0x00000000d6980000, 0x0000000100000000)
  eden space 14848K, 0% used [0x00000000d5580000,0x00000000d5580000,0x00000000d6400000)
  from space 1536K, 89% used [0x00000000d6700000,0x00000000d6858000,0x00000000d6880000)
  to   space 1024K, 0% used [0x00000000d6880000,0x00000000d6880000,0x00000000d6980000)
 ParOldGen       total 68608K, used 51160K [0x0000000080000000, 0x0000000084300000, 0x00000000d5580000)
  object space 68608K, 74% used [0x0000000080000000,0x00000000831f6380,0x0000000084300000)
 Metaspace       used 62092K, committed 63616K, reserved 1114112K
  class space    used 7361K, committed 8064K, reserved 1048576K
}
Event: 11.656 GC heap before
{Heap before GC invocations=43 (full 3):
 PSYoungGen      total 16384K, used 16224K [0x00000000d5580000, 0x00000000d6980000, 0x0000000100000000)
  eden space 14848K, 100% used [0x00000000d5580000,0x00000000d6400000,0x00000000d6400000)
  from space 1536K, 89% used [0x00000000d6700000,0x00000000d6858000,0x00000000d6880000)
  to   space 1024K, 0% used [0x00000000d6880000,0x00000000d6880000,0x00000000d6980000)
 ParOldGen       total 68608K, used 51160K [0x0000000080000000, 0x0000000084300000, 0x00000000d5580000)
  object space 68608K, 74% used [0x0000000080000000,0x00000000831f6380,0x0000000084300000)
 Metaspace       used 62371K, committed 63936K, reserved 1114112K
  class space    used 7397K, committed 8128K, reserved 1048576K
}
Event: 11.659 GC heap after
{Heap after GC invocations=43 (full 3):
 PSYoungGen      total 15872K, used 992K [0x00000000d5580000, 0x00000000d6a00000, 0x0000000100000000)
  eden space 14848K, 0% used [0x00000000d5580000,0x00000000d5580000,0x00000000d6400000)
  from space 1024K, 96% used [0x00000000d6880000,0x00000000d6978010,0x00000000d6980000)
  to   space 3072K, 0% used [0x00000000d6400000,0x00000000d6400000,0x00000000d6700000)
 ParOldGen       total 68608K, used 52608K [0x0000000080000000, 0x0000000084300000, 0x00000000d5580000)
  object space 68608K, 76% used [0x0000000080000000,0x0000000083360380,0x0000000084300000)
 Metaspace       used 62371K, committed 63936K, reserved 1114112K
  class space    used 7397K, committed 8128K, reserved 1048576K
}
Event: 11.762 GC heap before
{Heap before GC invocations=44 (full 3):
 PSYoungGen      total 15872K, used 15840K [0x00000000d5580000, 0x00000000d6a00000, 0x0000000100000000)
  eden space 14848K, 100% used [0x00000000d5580000,0x00000000d6400000,0x00000000d6400000)
  from space 1024K, 96% used [0x00000000d6880000,0x00000000d6978010,0x00000000d6980000)
  to   space 3072K, 0% used [0x00000000d6400000,0x00000000d6400000,0x00000000d6700000)
 ParOldGen       total 68608K, used 52608K [0x0000000080000000, 0x0000000084300000, 0x00000000d5580000)
  object space 68608K, 76% used [0x0000000080000000,0x0000000083360380,0x0000000084300000)
 Metaspace       used 62597K, committed 64128K, reserved 1114112K
  class space    used 7428K, committed 8128K, reserved 1048576K
}
Event: 11.765 GC heap after
{Heap after GC invocations=44 (full 3):
 PSYoungGen      total 17920K, used 1280K [0x00000000d5580000, 0x00000000d6900000, 0x0000000100000000)
  eden space 14848K, 0% used [0x00000000d5580000,0x00000000d5580000,0x00000000d6400000)
  from space 3072K, 41% used [0x00000000d6400000,0x00000000d6540000,0x00000000d6700000)
  to   space 2048K, 0% used [0x00000000d6700000,0x00000000d6700000,0x00000000d6900000)
 ParOldGen       total 68608K, used 53622K [0x0000000080000000, 0x0000000084300000, 0x00000000d5580000)
  object space 68608K, 78% used [0x0000000080000000,0x000000008345db60,0x0000000084300000)
 Metaspace       used 62597K, committed 64128K, reserved 1114112K
  class space    used 7428K, committed 8128K, reserved 1048576K
}
Event: 11.855 GC heap before
{Heap before GC invocations=45 (full 3):
 PSYoungGen      total 17920K, used 16128K [0x00000000d5580000, 0x00000000d6900000, 0x0000000100000000)
  eden space 14848K, 100% used [0x00000000d5580000,0x00000000d6400000,0x00000000d6400000)
  from space 3072K, 41% used [0x00000000d6400000,0x00000000d6540000,0x00000000d6700000)
  to   space 2048K, 0% used [0x00000000d6700000,0x00000000d6700000,0x00000000d6900000)
 ParOldGen       total 68608K, used 53622K [0x0000000080000000, 0x0000000084300000, 0x00000000d5580000)
  object space 68608K, 78% used [0x0000000080000000,0x000000008345db60,0x0000000084300000)
 Metaspace       used 62669K, committed 64192K, reserved 1114112K
  class space    used 7436K, committed 8128K, reserved 1048576K
}
Event: 11.859 GC heap after
{Heap after GC invocations=45 (full 3):
 PSYoungGen      total 16384K, used 1400K [0x00000000d5580000, 0x00000000d6880000, 0x0000000100000000)
  eden space 14848K, 0% used [0x00000000d5580000,0x00000000d5580000,0x00000000d6400000)
  from space 1536K, 91% used [0x00000000d6700000,0x00000000d685e200,0x00000000d6880000)
  to   space 1536K, 0% used [0x00000000d6580000,0x00000000d6580000,0x00000000d6700000)
 ParOldGen       total 68608K, used 54798K [0x0000000080000000, 0x0000000084300000, 0x00000000d5580000)
  object space 68608K, 79% used [0x0000000080000000,0x0000000083583b60,0x0000000084300000)
 Metaspace       used 62669K, committed 64192K, reserved 1114112K
  class space    used 7436K, committed 8128K, reserved 1048576K
}
Event: 90.775 GC heap before
{Heap before GC invocations=46 (full 3):
 PSYoungGen      total 16384K, used 16248K [0x00000000d5580000, 0x00000000d6880000, 0x0000000100000000)
  eden space 14848K, 100% used [0x00000000d5580000,0x00000000d6400000,0x00000000d6400000)
  from space 1536K, 91% used [0x00000000d6700000,0x00000000d685e200,0x00000000d6880000)
  to   space 1536K, 0% used [0x00000000d6580000,0x00000000d6580000,0x00000000d6700000)
 ParOldGen       total 68608K, used 54798K [0x0000000080000000, 0x0000000084300000, 0x00000000d5580000)
  object space 68608K, 79% used [0x0000000080000000,0x0000000083583b60,0x0000000084300000)
 Metaspace       used 63847K, committed 65344K, reserved 1114112K
  class space    used 7556K, committed 8192K, reserved 1048576K
}
Event: 90.779 GC heap after
{Heap after GC invocations=46 (full 3):
 PSYoungGen      total 16384K, used 1344K [0x00000000d5580000, 0x00000000d6780000, 0x0000000100000000)
  eden space 14848K, 0% used [0x00000000d5580000,0x00000000d5580000,0x00000000d6400000)
  from space 1536K, 87% used [0x00000000d6580000,0x00000000d66d0040,0x00000000d6700000)
  to   space 512K, 0% used [0x00000000d6700000,0x00000000d6700000,0x00000000d6780000)
 ParOldGen       total 68608K, used 56028K [0x0000000080000000, 0x0000000084300000, 0x00000000d5580000)
  object space 68608K, 81% used [0x0000000080000000,0x00000000836b70e8,0x0000000084300000)
 Metaspace       used 63847K, committed 65344K, reserved 1114112K
  class space    used 7556K, committed 8192K, reserved 1048576K
}

