# JRE version: OpenJDK Runtime Environment (21.0.4) (build 21.0.4+-12508038-b607.1)
# Java VM: OpenJDK 64-Bit Server VM (21.0.4+-12508038-b607.1, mixed mode, tiered, compressed oops, compressed class ptrs, g1 gc, windows-amd64)
GC Precious Log:
 CardTable entry size: 512
 Card Set container configuration: InlinePtr #cards 4 size 8 Array Of Cards #cards 16 size 48 Howl #buckets 8 coarsen threshold 3686 Howl Bitmap #cards 512 size 80 coarsen threshold 460 Card regions per heap region 1 cards per card region 4096
 CPUs: 12 total, 12 available
 Memory: 16016M
 Large Page Support: Disabled
 NUMA Support: Disabled
 Compressed Oops: Enabled (Zero based)
 Heap Region Size: 2M
 Heap Min Capacity: 8M
 Heap Initial Capacity: 252M
 Heap Max Capacity: 4G
 Pre-touch: Disabled
 Parallel Workers: 10
 Concurrent Workers: 3
 Concurrent Refinement Workers: 10
 Periodic GC: Disabled
Heap:
 garbage-first heap   total 88064K, used 61823K [0x0000000700000000, 0x0000000800000000)
  region size 2048K, 14 young (28672K), 3 survivors (6144K)
 Metaspace       used 66623K, committed 68288K, reserved 1114112K
  class space    used 9096K, committed 9920K, reserved 1048576K
GC Heap History (20 events):
Event: 9.282 GC heap before
{Heap before GC invocations=5 (full 0):
 garbage-first heap   total 75776K, used 72303K [0x0000000700000000, 0x0000000800000000)
  region size 2048K, 31 young (63488K), 5 survivors (10240K)
 Metaspace       used 29548K, committed 30208K, reserved 1114112K
  class space    used 3776K, committed 4096K, reserved 1048576K
}
Event: 9.292 GC heap after
{Heap after GC invocations=6 (full 0):
 garbage-first heap   total 88064K, used 23614K [0x0000000700000000, 0x0000000800000000)
  region size 2048K, 6 young (12288K), 6 survivors (12288K)
 Metaspace       used 29548K, committed 30208K, reserved 1114112K
  class space    used 3776K, committed 4096K, reserved 1048576K
}
Event: 11.361 GC heap before
{Heap before GC invocations=6 (full 0):
 garbage-first heap   total 88064K, used 62526K [0x0000000700000000, 0x0000000800000000)
  region size 2048K, 25 young (51200K), 6 survivors (12288K)
 Metaspace       used 34794K, committed 35648K, reserved 1114112K
  class space    used 4637K, committed 5056K, reserved 1048576K
}
Event: 11.371 GC heap after
{Heap after GC invocations=7 (full 0):
 garbage-first heap   total 88064K, used 26419K [0x0000000700000000, 0x0000000800000000)
  region size 2048K, 3 young (6144K), 3 survivors (6144K)
 Metaspace       used 34794K, committed 35648K, reserved 1114112K
  class space    used 4637K, committed 5056K, reserved 1048576K
}
Event: 11.509 GC heap before
{Heap before GC invocations=7 (full 0):
 garbage-first heap   total 88064K, used 28467K [0x0000000700000000, 0x0000000800000000)
  region size 2048K, 5 young (10240K), 3 survivors (6144K)
 Metaspace       used 35130K, committed 35968K, reserved 1114112K
  class space    used 4704K, committed 5120K, reserved 1048576K
}
Event: 11.514 GC heap after
{Heap after GC invocations=8 (full 0):
 garbage-first heap   total 88064K, used 26602K [0x0000000700000000, 0x0000000800000000)
  region size 2048K, 2 young (4096K), 2 survivors (4096K)
 Metaspace       used 35130K, committed 35968K, reserved 1114112K
  class space    used 4704K, committed 5120K, reserved 1048576K
}
Event: 13.218 GC heap before
{Heap before GC invocations=9 (full 0):
 garbage-first heap   total 88064K, used 71658K [0x0000000700000000, 0x0000000800000000)
  region size 2048K, 24 young (49152K), 2 survivors (4096K)
 Metaspace       used 41508K, committed 42752K, reserved 1114112K
  class space    used 5640K, committed 6272K, reserved 1048576K
}
Event: 13.225 GC heap after
{Heap after GC invocations=10 (full 0):
 garbage-first heap   total 88064K, used 29383K [0x0000000700000000, 0x0000000800000000)
  region size 2048K, 3 young (6144K), 3 survivors (6144K)
 Metaspace       used 41508K, committed 42752K, reserved 1114112K
  class space    used 5640K, committed 6272K, reserved 1048576K
}
Event: 14.014 GC heap before
{Heap before GC invocations=10 (full 0):
 garbage-first heap   total 88064K, used 72391K [0x0000000700000000, 0x0000000800000000)
  region size 2048K, 25 young (51200K), 3 survivors (6144K)
 Metaspace       used 46578K, committed 47808K, reserved 1114112K
  class space    used 6227K, committed 6848K, reserved 1048576K
}
Event: 14.023 GC heap after
{Heap after GC invocations=11 (full 0):
 garbage-first heap   total 88064K, used 32642K [0x0000000700000000, 0x0000000800000000)
  region size 2048K, 4 young (8192K), 4 survivors (8192K)
 Metaspace       used 46578K, committed 47808K, reserved 1114112K
  class space    used 6227K, committed 6848K, reserved 1048576K
}
Event: 15.066 GC heap before
{Heap before GC invocations=11 (full 0):
 garbage-first heap   total 88064K, used 71554K [0x0000000700000000, 0x0000000800000000)
  region size 2048K, 23 young (47104K), 4 survivors (8192K)
 Metaspace       used 49616K, committed 51008K, reserved 1114112K
  class space    used 6723K, committed 7424K, reserved 1048576K
}
Event: 15.073 GC heap after
{Heap after GC invocations=12 (full 0):
 garbage-first heap   total 88064K, used 34786K [0x0000000700000000, 0x0000000800000000)
  region size 2048K, 2 young (4096K), 2 survivors (4096K)
 Metaspace       used 49616K, committed 51008K, reserved 1114112K
  class space    used 6723K, committed 7424K, reserved 1048576K
}
Event: 16.644 GC heap before
{Heap before GC invocations=12 (full 0):
 garbage-first heap   total 88064K, used 71650K [0x0000000700000000, 0x0000000800000000)
  region size 2048K, 21 young (43008K), 2 survivors (4096K)
 Metaspace       used 55510K, committed 57024K, reserved 1114112K
  class space    used 7468K, committed 8192K, reserved 1048576K
}
Event: 16.648 GC heap after
{Heap after GC invocations=13 (full 0):
 garbage-first heap   total 88064K, used 36040K [0x0000000700000000, 0x0000000800000000)
  region size 2048K, 2 young (4096K), 2 survivors (4096K)
 Metaspace       used 55510K, committed 57024K, reserved 1114112K
  class space    used 7468K, committed 8192K, reserved 1048576K
}
Event: 18.873 GC heap before
{Heap before GC invocations=13 (full 0):
 garbage-first heap   total 88064K, used 58568K [0x0000000700000000, 0x0000000800000000)
  region size 2048K, 14 young (28672K), 2 survivors (4096K)
 Metaspace       used 58646K, committed 60096K, reserved 1114112K
  class space    used 7915K, committed 8640K, reserved 1048576K
}
Event: 18.879 GC heap after
{Heap after GC invocations=14 (full 0):
 garbage-first heap   total 88064K, used 37085K [0x0000000700000000, 0x0000000800000000)
  region size 2048K, 2 young (4096K), 2 survivors (4096K)
 Metaspace       used 58646K, committed 60096K, reserved 1114112K
  class space    used 7915K, committed 8640K, reserved 1048576K
}
Event: 22.191 GC heap before
{Heap before GC invocations=15 (full 0):
 garbage-first heap   total 88064K, used 75997K [0x0000000700000000, 0x0000000800000000)
  region size 2048K, 21 young (43008K), 2 survivors (4096K)
 Metaspace       used 63311K, committed 65024K, reserved 1114112K
  class space    used 8675K, committed 9536K, reserved 1048576K
}
Event: 22.196 GC heap after
{Heap after GC invocations=16 (full 0):
 garbage-first heap   total 88064K, used 39412K [0x0000000700000000, 0x0000000800000000)
  region size 2048K, 3 young (6144K), 3 survivors (6144K)
 Metaspace       used 63311K, committed 65024K, reserved 1114112K
  class space    used 8675K, committed 9536K, reserved 1048576K
}
Event: 24.193 GC heap before
{Heap before GC invocations=16 (full 0):
 garbage-first heap   total 88064K, used 74228K [0x0000000700000000, 0x0000000800000000)
  region size 2048K, 20 young (40960K), 3 survivors (6144K)
 Metaspace       used 66004K, committed 67648K, reserved 1114112K
  class space    used 9006K, committed 9856K, reserved 1048576K
}
Event: 24.206 GC heap after
{Heap after GC invocations=17 (full 0):
 garbage-first heap   total 88064K, used 43391K [0x0000000700000000, 0x0000000800000000)
  region size 2048K, 3 young (6144K), 3 survivors (6144K)
 Metaspace       used 66004K, committed 67648K, reserved 1114112K
  class space    used 9006K, committed 9856K, reserved 1048576K
}

